This is XeTeX, Version 3.14159265-2.6-0.999991 (TeX Live 2019/W32TeX) (preloaded format=xelatex 2020.1.31)  3 FEB 2020 14:19
entering extended mode
 restricted \write18 enabled.
 %&-line parsing enabled.
**q
(c:/texlive/2019/texmf-dist/tex/latex/tools/q.tex
LaTeX2e <2019-10-01> patch level 3
File ignored
)
! Emergency stop.
<*> q
     
*** (job aborted, no legal \end found)

 
Here is how much of TeX's memory you used:
 5 strings out of 492472
 145 string characters out of 6132674
 66455 words of memory out of 5000000
 4598 multiletter control sequences out of 15000+600000
 3640 words of font info for 14 fonts, out of 8000000 for 9000
 1348 hyphenation exceptions out of 8191
 4i,0n,1p,81b,8s stack positions out of 5000i,500n,10000p,200000b,80000s
No pages of output.
